\BOOKMARK [1][-]{section.1}{32 bits algebraic integers}{}% 1
\BOOKMARK [2][-]{subsection.1.1}{N32, I32 and AI32}{section.1}% 2
\BOOKMARK [2][-]{subsection.1.2}{A1 reduction}{section.1}% 3
\BOOKMARK [2][-]{subsection.1.3}{A2 reduction}{section.1}% 4
\BOOKMARK [2][-]{subsection.1.4}{B, D, H, N}{section.1}% 5
\BOOKMARK [1][-]{section.2}{functions}{}% 6
\BOOKMARK [1][-]{section.3}{Examples}{}% 7
\BOOKMARK [2][-]{subsection.3.1}{fB examples}{section.3}% 8
\BOOKMARK [2][-]{subsection.3.2}{fD examples}{section.3}% 9
\BOOKMARK [2][-]{subsection.3.3}{fH examples}{section.3}% 10
\BOOKMARK [2][-]{subsection.3.4}{fN examples}{section.3}% 11
\BOOKMARK [1][-]{section.4}{Operations with result B}{}% 12
\BOOKMARK [2][-]{subsection.4.1}{NewB B = B1}{section.4}% 13
\BOOKMARK [2][-]{subsection.4.2}{AddBB B = B2 + B3}{section.4}% 14
\BOOKMARK [2][-]{subsection.4.3}{MulBB B = B2 B3}{section.4}% 15
\BOOKMARK [2][-]{subsection.4.4}{InvB B = 1 / B2}{section.4}% 16
\BOOKMARK [1][-]{section.5}{Operations with result D}{}% 17
\BOOKMARK [2][-]{subsection.5.1}{NewD D = D1}{section.5}% 18
\BOOKMARK [2][-]{subsection.5.2}{SqrtB D = B2}{section.5}% 19
\BOOKMARK [2][-]{subsection.5.3}{InvD D = 1 / D2}{section.5}% 20
\BOOKMARK [1][-]{section.6}{Operations with result H}{}% 21
\BOOKMARK [2][-]{subsection.6.1}{D1 + D2 H <<<<<}{section.6}% 22
\BOOKMARK [2][-]{subsection.6.2}{C1 = F2}{section.6}% 23
\BOOKMARK [2][-]{subsection.6.3}{C1 + D2 = F3}{section.6}% 24
\BOOKMARK [2][-]{subsection.6.4}{1 / D1 = D2}{section.6}% 25
\BOOKMARK [2][-]{subsection.6.5}{D1 = F2 editing...}{section.6}% 26
\BOOKMARK [2][-]{subsection.6.6}{D1 + D2 = F3}{section.6}% 27
\BOOKMARK [2][-]{subsection.6.7}{D1 D2 = F3}{section.6}% 28
\BOOKMARK [2][-]{subsection.6.8}{MulDD D1 D2 H ???}{section.6}% 29
