\BOOKMARK [1][-]{section.1}{Pentagons of size 3}{}% 1
\BOOKMARK [2][-]{subsection.1.1}{Size 3 with 10 internal strips build\(3:3:1\)}{section.1}% 2
\BOOKMARK [3][-]{subsubsection.1.1.1}{Rigid distance \040repstopdf46+1852}{subsection.1.1}% 3
\BOOKMARK [2][-]{subsection.1.2}{Size 3 with 14 internal strips build\(3:1\)}{section.1}% 4
\BOOKMARK [3][-]{subsubsection.1.2.1}{Rigid distance \040repstopdf34+652}{subsection.1.2}% 5
\BOOKMARK [1][-]{section.2}{Pentagons of size 4}{}% 6
\BOOKMARK [2][-]{subsection.2.1}{Size 4 with 8 internal strips build\(2:4:1:2\)}{section.2}% 7
\BOOKMARK [3][-]{subsubsection.2.1.1}{Rigid distance 11}{subsection.2.1}% 8
\BOOKMARK [2][-]{subsection.2.2}{Size 4 with 10 internal strips build\(3:4\)}{section.2}% 9
\BOOKMARK [3][-]{subsubsection.2.2.1}{Rigid distance 19+65}{subsection.2.2}% 10
\BOOKMARK [1][-]{section.3}{Pentagons of size 5}{}% 11
\BOOKMARK [2][-]{subsection.3.1}{Size 5 with 10 internal strips build\(3,5\)}{section.3}% 12
\BOOKMARK [3][-]{subsubsection.3.1.1}{Rigid distance \040repstopdf106 + 3052}{subsection.3.1}% 13
\BOOKMARK [2][-]{subsection.3.2}{Size 5 with 12 internal strips build\(4:5:4\)}{section.3}% 14
\BOOKMARK [3][-]{subsubsection.3.2.1}{Rigid distances 3+25 and 18+65 = 3 + 15}{subsection.3.2}% 15
\BOOKMARK [1][-]{section.4}{Pentagons of size 6}{}% 16
\BOOKMARK [2][-]{subsection.4.1}{Size 6 with 6 internal strips build\(4:6:4\)}{section.4}% 17
\BOOKMARK [3][-]{subsubsection.4.1.1}{Rigid distance 4 + 25}{subsection.4.1}% 18
\BOOKMARK [2][-]{subsection.4.2}{Size 6 with 8 internal strips build\(6:6:3:4\)}{section.4}% 19
\BOOKMARK [3][-]{subsubsection.4.2.1}{Rigid distance 31}{subsection.4.2}% 20
\BOOKMARK [2][-]{subsection.4.3}{Size 6 with 8 internal strips build\(3:6:4:6\)}{section.4}% 21
\BOOKMARK [3][-]{subsubsection.4.3.1}{Rigid distance 31}{subsection.4.3}% 22
\BOOKMARK [2][-]{subsection.4.4}{Size 6 with 10 internal strips build\(5:6\)}{section.4}% 23
\BOOKMARK [3][-]{subsubsection.4.4.1}{Rigid distance 46 + 155}{subsection.4.4}% 24
\BOOKMARK [2][-]{subsection.4.5}{Size 6 with 12 internal strips build\(0:6:4:2\)}{section.4}% 25
\BOOKMARK [3][-]{subsubsection.4.5.1}{Rigid distance 34 + 105}{subsection.4.5}% 26
\BOOKMARK [1][-]{section.5}{Pentagons of size 7}{}% 27
\BOOKMARK [2][-]{subsection.5.1}{Size 7 with 6 internal strips build\(6:7:6\)}{section.5}% 28
\BOOKMARK [3][-]{subsubsection.5.1.1}{Rigid distance 4 + 35}{subsection.5.1}% 29
\BOOKMARK [2][-]{subsection.5.2}{Size 7 with 10 internal strips build\(6,7\)}{section.5}% 30
\BOOKMARK [3][-]{subsubsection.5.2.1}{Rigid distance 64 + 215}{subsection.5.2}% 31
\BOOKMARK [2][-]{subsection.5.3}{Size 7 with 14 internal strips}{section.5}% 32
\BOOKMARK [3][-]{subsubsection.5.3.1}{Rigid distance 2 + 25}{subsection.5.3}% 33
\BOOKMARK [1][-]{section.6}{Pentagons of size 8}{}% 34
\BOOKMARK [2][-]{subsection.6.1}{Size 8 with 6 internal strips build\(8:8\)}{section.6}% 35
\BOOKMARK [3][-]{subsubsection.6.1.1}{Rigid distance 4 + 45}{subsection.6.1}% 36
\BOOKMARK [2][-]{subsection.6.2}{Size 8 with 8 internal strips build\(4:8:2:4\) and build\(4:8:4:6\)}{section.6}% 37
\BOOKMARK [3][-]{subsubsection.6.2.1}{Rigid distances 211}{subsection.6.2}% 38
\BOOKMARK [2][-]{subsection.6.3}{Size 8 with 10 internal strips build\(4:8\)}{section.6}% 39
\BOOKMARK [3][-]{subsubsection.6.3.1}{Rigid distance 44 + 5}{subsection.6.3}% 40
\BOOKMARK [2][-]{subsection.6.4}{Size 8 with 10 internal strips build\(7:8\)}{section.6}% 41
\BOOKMARK [3][-]{subsubsection.6.4.1}{Rigid distance 85 + 285}{subsection.6.4}% 42
\BOOKMARK [2][-]{subsection.6.5}{Size 8 with 10 internal strips build\(8:8\) and build\(4:8:4\)}{section.6}% 43
\BOOKMARK [3][-]{subsubsection.6.5.1}{Rigid distances 4 + 45 and 6 + 25}{subsection.6.5}% 44
\BOOKMARK [1][-]{section.7}{Pentagons of size 9}{}% 45
\BOOKMARK [2][-]{subsection.7.1}{Size 9 with 6 internal strips build\(8:9:8\)}{section.7}% 46
\BOOKMARK [3][-]{subsubsection.7.1.1}{Rigid distance 5 + 45}{subsection.7.1}% 47
\BOOKMARK [2][-]{subsection.7.2}{Size 9 with 8 internal strips build\(3,9,3,5\)}{section.7}% 48
\BOOKMARK [3][-]{subsubsection.7.2.1}{Rigid distance 55}{subsection.7.2}% 49
\BOOKMARK [2][-]{subsection.7.3}{Size 9 with 8 internal strips build\(3,9,1,4\) and build\(6,9,6,8\)}{section.7}% 50
\BOOKMARK [3][-]{subsubsection.7.3.1}{Rigid distance 61}{subsection.7.3}% 51
\BOOKMARK [2][-]{subsection.7.4}{Size 9 with 10 internal strips build\(4:9\) and build\(5:9\)}{section.7}% 52
\BOOKMARK [3][-]{subsubsection.7.4.1}{Rigid distance 79 + 185}{subsection.7.4}% 53
\BOOKMARK [3][-]{subsubsection.7.4.2}{Rigid distance \040repstopdf334 + 9052}{subsection.7.4}% 54
\BOOKMARK [1][-]{section.8}{Pentagon of size 10}{}% 55
\BOOKMARK [2][-]{subsection.8.1}{Size 10 with 10 internal strips build\(7:10\)}{section.8}% 56
\BOOKMARK [3][-]{subsubsection.8.1.1}{Rigid distance 114+355}{subsection.8.1}% 57
\BOOKMARK [2][-]{subsection.8.2}{Size 10 with 10 internal strips build\(8:10\)}{section.8}% 58
\BOOKMARK [3][-]{subsubsection.8.2.1}{Rigid distance 231 + 105}{subsection.8.2}% 59
\BOOKMARK [1][-]{section.9}{Pentagon of size 11}{}% 60
\BOOKMARK [2][-]{subsection.9.1}{Size 11 with 10 internal strips build\(8:11\)}{section.9}% 61
\BOOKMARK [3][-]{subsubsection.9.1.1}{Rigid istance 11+25}{subsection.9.1}% 62
\BOOKMARK [1][-]{section.10}{Pentagons of size 12}{}% 63
\BOOKMARK [2][-]{subsection.10.1}{Size 12 with 4 internal strips build\(0:12:3:4\)}{section.10}% 64
\BOOKMARK [2][-]{subsection.10.2}{Size 12 with 4 internal strips build\(4:12:0:3\)}{section.10}% 65
\BOOKMARK [2][-]{subsection.10.3}{Size 12 with 6 internal strips build\(12:12\)}{section.10}% 66
\BOOKMARK [3][-]{subsubsection.10.3.1}{Rigid distance 6 + 65}{subsection.10.3}% 67
\BOOKMARK [2][-]{subsection.10.4}{Size 12 with 8 internal strips build\(6:12:3:6\)}{section.10}% 68
\BOOKMARK [3][-]{subsubsection.10.4.1}{Rigid distance 311}{subsection.10.4}% 69
\BOOKMARK [2][-]{subsection.10.5}{Size 12 with 10 internal strips build\(3:12:12\)}{section.10}% 70
\BOOKMARK [3][-]{subsubsection.10.5.1}{Rigid distance 3\(4 + 5\)}{subsection.10.5}% 71
\BOOKMARK [2][-]{subsection.10.6}{Size 12 with 10 internal strips build\(8:12\)}{section.10}% 72
